app/build/intermediates/manifest_merge_blame_file/debug/manifest-merger-blame-debug-report.txt
1<?xml version="1.0" encoding="utf-8"?>
2<manifest xmlns:android="http://schemas.android.com/apk/res/android"
3    package="com.ask.eventman"
4    android:versionCode="2"
5    android:versionName="1.1.32" >
6
7    <uses-sdk
8        android:minSdkVersion="21"
8-->src\main\AndroidManifest.xml
9        android:targetSdkVersion="29" />
9-->src\main\AndroidManifest.xml
10
11    <uses-permission android:name="android.permission.INTERNET" />
11-->src\main\AndroidManifest.xml:5:5-67
11-->src\main\AndroidManifest.xml:5:22-64
12    <uses-permission android:name="android.permission.ACCESS_NETWORK_STATE" />
12-->src\main\AndroidManifest.xml:6:5-79
12-->src\main\AndroidManifest.xml:6:22-76
13    <uses-permission android:name="android.permission.READ_EXTERNAL_STORAGE" />
13-->src\main\AndroidManifest.xml:7:5-80
13-->src\main\AndroidManifest.xml:7:22-77
14    <uses-permission android:name="android.permission.WRITE_EXTERNAL_STORAGE" />
14-->src\main\AndroidManifest.xml:8:5-81
14-->src\main\AndroidManifest.xml:8:22-78
15
16    <uses-feature
16-->[com.google.android.gms:play-services-maps:17.0.0] AndroidManifest.xml:26:5-28:35
17        android:glEsVersion="0x00020000"
17-->[com.google.android.gms:play-services-maps:17.0.0] AndroidManifest.xml:27:9-41
18        android:required="true" />
18-->[com.google.android.gms:play-services-maps:17.0.0] AndroidManifest.xml:28:9-32
19
20    <application
20-->src\main\AndroidManifest.xml:10:5-106:19
21        android:allowBackup="true"
21-->src\main\AndroidManifest.xml:11:9-35
22        android:appComponentFactory="androidx.core.app.CoreComponentFactory"
22-->[androidx.core:core:1.1.0] AndroidManifest.xml:24:18-86
23        android:debuggable="true"
24        android:icon="@drawable/app_icon"
24-->src\main\AndroidManifest.xml:12:9-42
25        android:label="Event Man"
25-->src\main\AndroidManifest.xml:13:9-34
26        android:largeHeap="true"
26-->src\main\AndroidManifest.xml:14:9-33
27        android:theme="@style/AppTheme" >
27-->src\main\AndroidManifest.xml:15:9-40
28        <activity
28-->src\main\AndroidManifest.xml:16:9-18:72
29            android:name="com.ask.eventman.SettingsActivity"
29-->src\main\AndroidManifest.xml:17:13-45
30            android:label="@string/title_activity_settings" />
30-->src\main\AndroidManifest.xml:18:13-60
31        <activity
31-->src\main\AndroidManifest.xml:19:9-28:20
32            android:name="com.ask.eventman.MainActivity"
32-->src\main\AndroidManifest.xml:20:13-41
33            android:configChanges="orientation|screenSize"
33-->src\main\AndroidManifest.xml:21:13-59
34            android:screenOrientation="portrait" >
34-->src\main\AndroidManifest.xml:22:13-49
35            <intent-filter>
35-->src\main\AndroidManifest.xml:23:13-27:29
36                <action android:name="android.intent.action.MAIN" />
36-->src\main\AndroidManifest.xml:24:17-69
36-->src\main\AndroidManifest.xml:24:25-66
37
38                <category android:name="android.intent.category.LAUNCHER" />
38-->src\main\AndroidManifest.xml:26:17-77
38-->src\main\AndroidManifest.xml:26:27-74
39            </intent-filter>
40        </activity>
41        <activity
41-->src\main\AndroidManifest.xml:29:9-32:52
42            android:name="com.ask.eventman.LoginActivity"
42-->src\main\AndroidManifest.xml:30:13-42
43            android:configChanges="orientation|screenSize"
43-->src\main\AndroidManifest.xml:31:13-59
44            android:screenOrientation="portrait" />
44-->src\main\AndroidManifest.xml:32:13-49
45        <activity
45-->src\main\AndroidManifest.xml:33:9-36:52
46            android:name="com.ask.eventman.HomeActivity"
46-->src\main\AndroidManifest.xml:34:13-41
47            android:configChanges="orientation|screenSize"
47-->src\main\AndroidManifest.xml:35:13-59
48            android:screenOrientation="portrait" />
48-->src\main\AndroidManifest.xml:36:13-49
49        <activity
49-->src\main\AndroidManifest.xml:37:9-40:52
50            android:name="com.ask.eventman.EventPageActivity"
50-->src\main\AndroidManifest.xml:38:13-46
51            android:configChanges="orientation|screenSize"
51-->src\main\AndroidManifest.xml:39:13-59
52            android:screenOrientation="portrait" />
52-->src\main\AndroidManifest.xml:40:13-49
53        <activity
53-->src\main\AndroidManifest.xml:41:9-44:52
54            android:name="com.ask.eventman.CreateEventActivity"
54-->src\main\AndroidManifest.xml:42:13-48
55            android:configChanges="orientation|screenSize"
55-->src\main\AndroidManifest.xml:43:13-59
56            android:screenOrientation="portrait" />
56-->src\main\AndroidManifest.xml:44:13-49
57        <activity
57-->src\main\AndroidManifest.xml:45:9-48:52
58            android:name="com.ask.eventman.CreateEvent_2Activity"
58-->src\main\AndroidManifest.xml:46:13-50
59            android:configChanges="orientation|screenSize"
59-->src\main\AndroidManifest.xml:47:13-59
60            android:screenOrientation="portrait" />
60-->src\main\AndroidManifest.xml:48:13-49
61        <activity
61-->src\main\AndroidManifest.xml:49:9-52:52
62            android:name="com.ask.eventman.GalleryImageActivity"
62-->src\main\AndroidManifest.xml:50:13-49
63            android:configChanges="orientation|screenSize"
63-->src\main\AndroidManifest.xml:51:13-59
64            android:screenOrientation="portrait" />
64-->src\main\AndroidManifest.xml:52:13-49
65        <activity
65-->src\main\AndroidManifest.xml:53:9-56:52
66            android:name="com.ask.eventman.FeedbackActivity"
66-->src\main\AndroidManifest.xml:54:13-45
67            android:configChanges="orientation|screenSize"
67-->src\main\AndroidManifest.xml:55:13-59
68            android:screenOrientation="portrait" />
68-->src\main\AndroidManifest.xml:56:13-49
69        <activity
69-->src\main\AndroidManifest.xml:57:9-60:52
70            android:name="com.ask.eventman.AboutActivity"
70-->src\main\AndroidManifest.xml:58:13-42
71            android:configChanges="orientation|screenSize"
71-->src\main\AndroidManifest.xml:59:13-59
72            android:screenOrientation="portrait" />
72-->src\main\AndroidManifest.xml:60:13-49
73        <activity
73-->src\main\AndroidManifest.xml:61:9-64:52
74            android:name="com.ask.eventman.BugReportActivity"
74-->src\main\AndroidManifest.xml:62:13-46
75            android:configChanges="orientation|screenSize"
75-->src\main\AndroidManifest.xml:63:13-59
76            android:screenOrientation="portrait" />
76-->src\main\AndroidManifest.xml:64:13-49
77        <activity
77-->src\main\AndroidManifest.xml:65:9-68:52
78            android:name="com.ask.eventman.HelpActivity"
78-->src\main\AndroidManifest.xml:66:13-41
79            android:configChanges="orientation|screenSize"
79-->src\main\AndroidManifest.xml:67:13-59
80            android:screenOrientation="portrait" />
80-->src\main\AndroidManifest.xml:68:13-49
81        <activity
81-->src\main\AndroidManifest.xml:69:9-71:59
82            android:name="com.theartofdev.edmodo.cropper.CropImageActivity"
82-->src\main\AndroidManifest.xml:70:13-76
83            android:theme="@style/Base.Theme.AppCompat" />
83-->src\main\AndroidManifest.xml:71:13-56
84
85        <meta-data
85-->src\main\AndroidManifest.xml:73:9-75:69
86            android:name="com.google.android.gms.version"
86-->src\main\AndroidManifest.xml:74:13-58
87            android:value="@integer/google_play_services_version" />
87-->src\main\AndroidManifest.xml:75:13-66
88
89        <provider
89-->src\main\AndroidManifest.xml:77:9-81:39
90            android:name="com.google.firebase.provider.FirebaseInitProvider"
90-->src\main\AndroidManifest.xml:78:13-77
91            android:authorities="com.ask.eventman.firebaseinitprovider"
91-->src\main\AndroidManifest.xml:79:13-72
92            android:exported="false"
92-->src\main\AndroidManifest.xml:80:13-37
93            android:initOrder="100" />
93-->src\main\AndroidManifest.xml:81:13-36
94
95        <service
95-->src\main\AndroidManifest.xml:83:9-97:19
96            android:name="com.google.firebase.components.ComponentDiscoveryService"
96-->src\main\AndroidManifest.xml:84:13-84
97            android:directBootAware="true"
97-->[com.google.firebase:firebase-common:19.3.0] AndroidManifest.xml:34:13-43
98            android:exported="false" >
98-->src\main\AndroidManifest.xml:85:13-37
99            <meta-data
99-->src\main\AndroidManifest.xml:86:13-88:85
100                android:name="com.google.firebase.components:com.google.firebase.auth.FirebaseAuthRegistrar"
100-->src\main\AndroidManifest.xml:87:17-109
101                android:value="com.google.firebase.components.ComponentRegistrar" />
101-->src\main\AndroidManifest.xml:88:17-82
102            <meta-data
102-->src\main\AndroidManifest.xml:89:13-91:85
103                android:name="com.google.firebase.components:com.google.firebase.database.DatabaseRegistrar"
103-->src\main\AndroidManifest.xml:90:17-109
104                android:value="com.google.firebase.components.ComponentRegistrar" />
104-->src\main\AndroidManifest.xml:91:17-82
105            <!--
106                <meta-data
107                android:name="com.google.firebase.components:com.google.firebase.storage.StorageRegistrar"
108                android:value="com.google.firebase.components.Componentregistrar"/>
109            -->
110            <meta-data
110-->[com.google.firebase:firebase-storage:19.1.1] AndroidManifest.xml:33:13-35:85
111                android:name="com.google.firebase.components:com.google.firebase.storage.StorageRegistrar"
111-->[com.google.firebase:firebase-storage:19.1.1] AndroidManifest.xml:34:17-107
112                android:value="com.google.firebase.components.ComponentRegistrar" />
112-->[com.google.firebase:firebase-storage:19.1.1] AndroidManifest.xml:35:17-82
113        </service>
114
115        <meta-data
115-->src\main\AndroidManifest.xml:99:9-101:71
116            android:name="com.google.android.geo.API_KEY"
116-->src\main\AndroidManifest.xml:100:13-58
117            android:value="AIzaSyBEAylHIXEOoxPuCw2rojobnPJgacVYMpg" />
117-->src\main\AndroidManifest.xml:101:13-68
118
119        <uses-library
119-->src\main\AndroidManifest.xml:103:9-105:40
120            android:name="org.apache.http.legacy"
120-->src\main\AndroidManifest.xml:104:13-50
121            android:required="false" />
121-->src\main\AndroidManifest.xml:105:13-37
122
123        <activity
123-->[com.google.firebase:firebase-auth:19.3.0] AndroidManifest.xml:24:9-31:50
124            android:name="com.google.firebase.auth.internal.FederatedSignInActivity"
124-->[com.google.firebase:firebase-auth:19.3.0] AndroidManifest.xml:25:13-85
125            android:excludeFromRecents="true"
125-->[com.google.firebase:firebase-auth:19.3.0] AndroidManifest.xml:26:13-46
126            android:exported="true"
126-->[com.google.firebase:firebase-auth:19.3.0] AndroidManifest.xml:27:13-36
127            android:launchMode="singleTask"
127-->[com.google.firebase:firebase-auth:19.3.0] AndroidManifest.xml:28:13-44
128            android:permission="com.google.firebase.auth.api.gms.permission.LAUNCH_FEDERATED_SIGN_IN"
128-->[com.google.firebase:firebase-auth:19.3.0] AndroidManifest.xml:29:13-102
129            android:theme="@android:style/Theme.Translucent.NoTitleBar" />
129-->[com.google.firebase:firebase-auth:19.3.0] AndroidManifest.xml:30:13-72
130        <activity
130-->[com.google.android.gms:play-services-base:17.1.0] AndroidManifest.xml:23:9-26:75
131            android:name="com.google.android.gms.common.api.GoogleApiActivity"
131-->[com.google.android.gms:play-services-base:17.1.0] AndroidManifest.xml:24:13-79
132            android:exported="false"
132-->[com.google.android.gms:play-services-base:17.1.0] AndroidManifest.xml:25:13-37
133            android:theme="@android:style/Theme.Translucent.NoTitleBar" />
133-->[com.google.android.gms:play-services-base:17.1.0] AndroidManifest.xml:26:13-72
134    </application>
135
136</manifest>